#
# A fatal error has been detected by the Java Runtime Environment:
#
#  SIGSEGV (0xb) at pc=0x00007f1074282e79, pid=88308, tid=88309
#
# JRE version: OpenJDK Runtime Environment (11.0.9.1+1) (build 11.0.9.1+1-Ubuntu-0ubuntu1.20.04)
# Java VM: OpenJDK 64-Bit Server VM (11.0.9.1+1-Ubuntu-0ubuntu1.20.04, mixed mode, sharing, tiered, compressed oops, g1 gc, linux-amd64)
# Problematic frame:
# C  [libController.so+0x57e79]
#
# Core dump will be written. Default location: Core dumps may be processed with "/usr/share/apport/apport %p %s %c %d %P %E" (or dumping to /home/nariman/git/lab1-ecse211_g12/controllers/Lab1/core.88308)
#
# If you would like to submit a bug report, please visit:
#   https://bugs.launchpad.net/ubuntu/+source/openjdk-lts
# The crash happened outside the Java Virtual Machine in native code.
# See problematic frame for where to report the bug.
#

---------------  S U M M A R Y ------------

Command Line: -Djava.library.path=/home/nariman/webots/lib/controller/java Lab1

Host: Intel(R) Core(TM) i7-4510U CPU @ 2.00GHz, 4 cores, 7G, Ubuntu 20.04.1 LTS
Time: Sat Jan 23 13:58:53 2021 EST elapsed time: 0.444934 seconds (0d 0h 0m 0s)

---------------  T H R E A D  ---------------

Current thread (0x00007f1094017000):  JavaThread "main" [_thread_in_native, id=88309, stack(0x00007f109acdd000,0x00007f109adde000)]

Stack: [0x00007f109acdd000,0x00007f109adde000],  sp=0x00007f109addb4a0,  free space=1017k
Native frames: (J=compiled Java code, A=aot compiled Java code, j=interpreted, Vv=VM code, C=native code)
C  [libController.so+0x57e79]

Java frames: (J=compiled Java code, j=interpreted, Vv=VM code)
j  com.cyberbotics.webots.controller.wrapperJNI.new_Robot()J+0
j  com.cyberbotics.webots.controller.Robot.<init>()V+1
j  simlejos.hardware.ev3.LocalEV3.<init>()V+8
j  simlejos.hardware.ev3.LocalEV3.<clinit>()V+4
v  ~StubRoutines::call_stub
j  simlejos.hardware.port.SensorPort.<clinit>()V+0
v  ~StubRoutines::call_stub
j  Lab1.<clinit>()V+4
v  ~StubRoutines::call_stub

siginfo: si_signo: 11 (SIGSEGV), si_code: 1 (SEGV_MAPERR), si_addr: 0x0000000000000000

Register to memory mapping:

RAX=0x0 is NULL
RBX=0x00007f109419ddb0 points into unknown readable memory: 50 de 19 94 10 7f 00 00
RCX=0x0000000000000001 is an unknown value
RDX=0x0 is NULL
RSP=0x00007f109addb4a0 is pointing into the stack for thread: 0x00007f1094017000
RBP=0x00007f109419f580 points into unknown readable memory: 00 00 00 00 00 00 00 00
RSI=0x0 is NULL
RDI=0x0 is NULL
R8 =0x0 is NULL
R9 =0x00007f10941a0a40 points into unknown readable memory: 0b 00 40 00 1c 00 1b 00
R10=0x00007f1074234932: <offset 0x0000000000009932> in /home/nariman/webots/lib/controller/libController.so at 0x00007f107422b000
R11=0x00007f107427f600: remote_control_is_initialized+0x0000000000000000 in /home/nariman/webots/lib/controller/libController.so at 0x00007f107422b000
R12=0x0 is NULL
R13={method} {0x00007f1098d6df60} 'new_Robot' '()J' in 'com/cyberbotics/webots/controller/wrapperJNI'
R14=0x00007f109addb9f8 is pointing into the stack for thread: 0x00007f1094017000
R15=0x00007f1094017000 is a thread


Registers:
RAX=0x0000000000000000, RBX=0x00007f109419ddb0, RCX=0x0000000000000001, RDX=0x0000000000000000
RSP=0x00007f109addb4a0, RBP=0x00007f109419f580, RSI=0x0000000000000000, RDI=0x0000000000000000
R8 =0x0000000000000000, R9 =0x00007f10941a0a40, R10=0x00007f1074234932, R11=0x00007f107427f600
R12=0x0000000000000000, R13=0x00007f1098d6df60, R14=0x00007f109addb9f8, R15=0x00007f1094017000
RIP=0x00007f1074282e79, EFLAGS=0x0000000000010246, CSGSFS=0x002b000000000033, ERR=0x0000000000000004
  TRAPNO=0x000000000000000e

Top of Stack: (sp=0x00007f109addb4a0)
0x00007f109addb4a0:   00007f10941308c0 00007f1000000000
0x00007f109addb4b0:   000000000000000a 00007f1000000001
0x00007f109addb4c0:   00000000ffffffff 0000000b0000000b
0x00007f109addb4d0:   00007f107c072438 00007f10742ae6d8 

Instructions: (pc=0x00007f1074282e79)
0x00007f1074282d79:   48 89 ef e8 5f 90 fb ff 85 c0 0f 84 ad 02 00 00
0x00007f1074282d89:   48 89 ef e8 df 7a fb ff bf 08 00 00 00 c7 05 bc
0x00007f1074282d99:   c2 02 00 01 00 00 00 e8 cb 87 fb ff bf 40 00 00
0x00007f1074282da9:   00 48 89 c3 48 89 05 8c c2 02 00 e8 b7 87 fb ff
0x00007f1074282db9:   c6 05 58 c3 02 00 01 f3 0f 7e 05 28 b2 02 00 48
0x00007f1074282dc9:   89 03 48 c7 40 08 00 00 00 00 0f 16 05 c6 b1 02
0x00007f1074282dd9:   00 c7 00 1f 00 00 00 48 c7 40 30 00 00 00 00 0f
0x00007f1074282de9:   11 40 20 31 c0 e8 5d 91 fb ff 48 8b 15 76 b1 02
0x00007f1074282df9:   00 31 ff c7 05 df c2 02 00 00 00 00 00 48 89 05
0x00007f1074282e09:   23 c2 02 00 48 8b 05 2c c2 02 00 c6 05 ce c2 02
0x00007f1074282e19:   00 00 48 c7 05 d2 c2 02 00 00 00 00 00 48 8b 00
0x00007f1074282e29:   c7 05 bd c2 02 00 00 00 00 00 48 89 50 38 48 c7
0x00007f1074282e39:   05 c6 c2 02 00 00 00 00 00 c7 05 b4 c2 02 00 00
0x00007f1074282e49:   00 00 00 c7 05 ba c2 02 00 ff ff ff ff e8 c5 90
0x00007f1074282e59:   fb ff 83 f8 ff b8 00 00 00 00 0f 84 37 01 00 00
0x00007f1074282e69:   e8 72 8e fb ff 84 c0 75 10 48 8b 3d 2f c2 02 00
0x00007f1074282e79:   80 3f 00 0f 85 2e 01 00 00 80 3d 5c c2 02 00 00
0x00007f1074282e89:   0f 85 b1 00 00 00 48 8d 3d 9a e6 ff ff c6 05 cb
0x00007f1074282e99:   c1 02 00 00 e8 6e f1 00 00 31 c0 c6 05 75 c1 02
0x00007f1074282ea9:   00 01 e8 90 8a fb ff 48 8b 84 24 08 04 00 00 64
0x00007f1074282eb9:   48 33 04 25 28 00 00 00 0f 85 81 01 00 00 48 81
0x00007f1074282ec9:   c4 18 04 00 00 5b 5d 41 5c 41 5d 41 5e 41 5f c3
0x00007f1074282ed9:   0f 1f 80 00 00 00 00 4c 8b 3d 11 b1 02 00 83 fb
0x00007f1074282ee9:   01 41 89 d8 48 89 e9 4c 8d 0d 6f 9a 01 00 48 8d
0x00007f1074282ef9:   15 2a 8e 01 00 be 01 00 00 00 4d 0f 45 ce 49 8b
0x00007f1074282f09:   3f 31 c0 e8 3f 8d fb ff e9 da fd ff ff 66 2e 0f
0x00007f1074282f19:   1f 84 00 00 00 00 00 48 89 ef e8 f8 8d fb ff 48
0x00007f1074282f29:   89 c5 83 fb 0a 0f 85 3c fe ff ff 4c 8b 3d bd b0
0x00007f1074282f39:   02 00 e9 0d fe ff ff 80 3d 9f c1 02 00 00 0f 85
0x00007f1074282f49:   42 ff ff ff 31 c0 e8 7c 7b fb ff 84 c0 75 17 48
0x00007f1074282f59:   8b 3d 41 c1 02 00 e8 3c 7a fb ff 31 c0 e8 65 7b
0x00007f1074282f69:   fb ff 84 c0 74 7e 31 c0 e8 1a 7b fb ff c6 05 68 


Stack slot to memory mapping:
stack at sp + 0 slots: 0x00007f10941308c0 points into unknown readable memory: d0 de 19 94 10 7f 00 00
stack at sp + 1 slots: 0x00007f1000000000 is an unknown value
stack at sp + 2 slots: 0x000000000000000a is an unknown value
stack at sp + 3 slots: 0x00007f1000000001 is an unknown value
stack at sp + 4 slots: 0x00000000ffffffff is an unallocated location in the heap
stack at sp + 5 slots: 0x0000000b0000000b is an unknown value
stack at sp + 6 slots: 0x00007f107c072438: <offset 0x0000000000008438> in /home/nariman/webots/lib/controller/libCppController.so at 0x00007f107c06a000
stack at sp + 7 slots: 0x00007f10742ae6d8: <offset 0x00000000000836d8> in /home/nariman/webots/lib/controller/libController.so at 0x00007f107422b000


---------------  P R O C E S S  ---------------

Threads class SMR info:
_java_thread_list=0x00007f1094164620, length=9, elements={
0x00007f1094017000, 0x00007f1094110800, 0x00007f1094112800, 0x00007f1094118000,
0x00007f109411a000, 0x00007f109411c000, 0x00007f109411e000, 0x00007f109415e000,
0x00007f1094163000
}

Java Threads: ( => current thread )
=>0x00007f1094017000 JavaThread "main" [_thread_in_native, id=88309, stack(0x00007f109acdd000,0x00007f109adde000)]
  0x00007f1094110800 JavaThread "Reference Handler" daemon [_thread_blocked, id=88316, stack(0x00007f109863d000,0x00007f109873e000)]
  0x00007f1094112800 JavaThread "Finalizer" daemon [_thread_blocked, id=88317, stack(0x00007f109853c000,0x00007f109863d000)]
  0x00007f1094118000 JavaThread "Signal Dispatcher" daemon [_thread_blocked, id=88318, stack(0x00007f109843b000,0x00007f109853c000)]
  0x00007f109411a000 JavaThread "C2 CompilerThread0" daemon [_thread_blocked, id=88319, stack(0x00007f109833a000,0x00007f109843b000)]
  0x00007f109411c000 JavaThread "C1 CompilerThread0" daemon [_thread_blocked, id=88320, stack(0x00007f1098239000,0x00007f109833a000)]
  0x00007f109411e000 JavaThread "Sweeper thread" daemon [_thread_blocked, id=88321, stack(0x00007f1098138000,0x00007f1098239000)]
  0x00007f109415e000 JavaThread "Service Thread" daemon [_thread_blocked, id=88322, stack(0x00007f1098037000,0x00007f1098138000)]
  0x00007f1094163000 JavaThread "Common-Cleaner" daemon [_thread_blocked, id=88324, stack(0x00007f107c126000,0x00007f107c227000)]

Other Threads:
  0x00007f109410d800 VMThread "VM Thread" [stack: 0x00007f1098740000,0x00007f1098840000] [id=88315]
  0x00007f1094160000 WatcherThread [stack: 0x00007f107c229000,0x00007f107c329000] [id=88323]
  0x00007f109402f800 GCTaskThread "GC Thread#0" [stack: 0x00007f109a959000,0x00007f109aa59000] [id=88310]
  0x00007f1094060800 ConcurrentGCThread "G1 Main Marker" [stack: 0x00007f1099892000,0x00007f1099992000] [id=88311]
  0x00007f1094062800 ConcurrentGCThread "G1 Conc#0" [stack: 0x00007f1099790000,0x00007f1099890000] [id=88312]
  0x00007f10940da800 ConcurrentGCThread "G1 Refine#0" [stack: 0x00007f109928a000,0x00007f109938a000] [id=88313]
  0x00007f10940dc800 ConcurrentGCThread "G1 Young RemSet Sampling" [stack: 0x00007f1099188000,0x00007f1099288000] [id=88314]

Threads with active compile tasks:

VM state:not at safepoint (normal execution)

VM Mutex/Monitor currently owned by a thread: None

Heap address: 0x0000000085600000, size: 1962 MB, Compressed Oops mode: 32-bit
Narrow klass base: 0x0000000800000000, Narrow klass shift: 3
Compressed class space size: 1073741824 Address: 0x0000000840000000

Heap:
 garbage-first heap   total 129024K, used 1736K [0x0000000085600000, 0x0000000100000000)
  region size 1024K, 2 young (2048K), 0 survivors (0K)
 Metaspace       used 396K, capacity 4728K, committed 4864K, reserved 1056768K
  class space    used 22K, capacity 424K, committed 512K, reserved 1048576K
Heap Regions: E=young(eden), S=young(survivor), O=old, HS=humongous(starts), HC=humongous(continues), CS=collection set, F=free, A=archive, TAMS=top-at-mark-start (previous, next)
|   0|0x0000000085600000, 0x0000000085600000, 0x0000000085700000|  0%| F|  |TAMS 0x0000000085600000, 0x0000000085600000| Untracked 
|   1|0x0000000085700000, 0x0000000085700000, 0x0000000085800000|  0%| F|  |TAMS 0x0000000085700000, 0x0000000085700000| Untracked 
|   2|0x0000000085800000, 0x0000000085800000, 0x0000000085900000|  0%| F|  |TAMS 0x0000000085800000, 0x0000000085800000| Untracked 
|   3|0x0000000085900000, 0x0000000085900000, 0x0000000085a00000|  0%| F|  |TAMS 0x0000000085900000, 0x0000000085900000| Untracked 
|   4|0x0000000085a00000, 0x0000000085a00000, 0x0000000085b00000|  0%| F|  |TAMS 0x0000000085a00000, 0x0000000085a00000| Untracked 
|   5|0x0000000085b00000, 0x0000000085b00000, 0x0000000085c00000|  0%| F|  |TAMS 0x0000000085b00000, 0x0000000085b00000| Untracked 
|   6|0x0000000085c00000, 0x0000000085c00000, 0x0000000085d00000|  0%| F|  |TAMS 0x0000000085c00000, 0x0000000085c00000| Untracked 
|   7|0x0000000085d00000, 0x0000000085d00000, 0x0000000085e00000|  0%| F|  |TAMS 0x0000000085d00000, 0x0000000085d00000| Untracked 
|   8|0x0000000085e00000, 0x0000000085e00000, 0x0000000085f00000|  0%| F|  |TAMS 0x0000000085e00000, 0x0000000085e00000| Untracked 
|   9|0x0000000085f00000, 0x0000000085f00000, 0x0000000086000000|  0%| F|  |TAMS 0x0000000085f00000, 0x0000000085f00000| Untracked 
|  10|0x0000000086000000, 0x0000000086000000, 0x0000000086100000|  0%| F|  |TAMS 0x0000000086000000, 0x0000000086000000| Untracked 
|  11|0x0000000086100000, 0x0000000086100000, 0x0000000086200000|  0%| F|  |TAMS 0x0000000086100000, 0x0000000086100000| Untracked 
|  12|0x0000000086200000, 0x0000000086200000, 0x0000000086300000|  0%| F|  |TAMS 0x0000000086200000, 0x0000000086200000| Untracked 
|  13|0x0000000086300000, 0x0000000086300000, 0x0000000086400000|  0%| F|  |TAMS 0x0000000086300000, 0x0000000086300000| Untracked 
|  14|0x0000000086400000, 0x0000000086400000, 0x0000000086500000|  0%| F|  |TAMS 0x0000000086400000, 0x0000000086400000| Untracked 
|  15|0x0000000086500000, 0x0000000086500000, 0x0000000086600000|  0%| F|  |TAMS 0x0000000086500000, 0x0000000086500000| Untracked 
|  16|0x0000000086600000, 0x0000000086600000, 0x0000000086700000|  0%| F|  |TAMS 0x0000000086600000, 0x0000000086600000| Untracked 
|  17|0x0000000086700000, 0x0000000086700000, 0x0000000086800000|  0%| F|  |TAMS 0x0000000086700000, 0x0000000086700000| Untracked 
|  18|0x0000000086800000, 0x0000000086800000, 0x0000000086900000|  0%| F|  |TAMS 0x0000000086800000, 0x0000000086800000| Untracked 
|  19|0x0000000086900000, 0x0000000086900000, 0x0000000086a00000|  0%| F|  |TAMS 0x0000000086900000, 0x0000000086900000| Untracked 
|  20|0x0000000086a00000, 0x0000000086a00000, 0x0000000086b00000|  0%| F|  |TAMS 0x0000000086a00000, 0x0000000086a00000| Untracked 
|  21|0x0000000086b00000, 0x0000000086b00000, 0x0000000086c00000|  0%| F|  |TAMS 0x0000000086b00000, 0x0000000086b00000| Untracked 
|  22|0x0000000086c00000, 0x0000000086c00000, 0x0000000086d00000|  0%| F|  |TAMS 0x0000000086c00000, 0x0000000086c00000| Untracked 
|  23|0x0000000086d00000, 0x0000000086d00000, 0x0000000086e00000|  0%| F|  |TAMS 0x0000000086d00000, 0x0000000086d00000| Untracked 
|  24|0x0000000086e00000, 0x0000000086e00000, 0x0000000086f00000|  0%| F|  |TAMS 0x0000000086e00000, 0x0000000086e00000| Untracked 
|  25|0x0000000086f00000, 0x0000000086f00000, 0x0000000087000000|  0%| F|  |TAMS 0x0000000086f00000, 0x0000000086f00000| Untracked 
|  26|0x0000000087000000, 0x0000000087000000, 0x0000000087100000|  0%| F|  |TAMS 0x0000000087000000, 0x0000000087000000| Untracked 
|  27|0x0000000087100000, 0x0000000087100000, 0x0000000087200000|  0%| F|  |TAMS 0x0000000087100000, 0x0000000087100000| Untracked 
|  28|0x0000000087200000, 0x0000000087200000, 0x0000000087300000|  0%| F|  |TAMS 0x0000000087200000, 0x0000000087200000| Untracked 
|  29|0x0000000087300000, 0x0000000087300000, 0x0000000087400000|  0%| F|  |TAMS 0x0000000087300000, 0x0000000087300000| Untracked 
|  30|0x0000000087400000, 0x0000000087400000, 0x0000000087500000|  0%| F|  |TAMS 0x0000000087400000, 0x0000000087400000| Untracked 
|  31|0x0000000087500000, 0x0000000087500000, 0x0000000087600000|  0%| F|  |TAMS 0x0000000087500000, 0x0000000087500000| Untracked 
|  32|0x0000000087600000, 0x0000000087600000, 0x0000000087700000|  0%| F|  |TAMS 0x0000000087600000, 0x0000000087600000| Untracked 
|  33|0x0000000087700000, 0x0000000087700000, 0x0000000087800000|  0%| F|  |TAMS 0x0000000087700000, 0x0000000087700000| Untracked 
|  34|0x0000000087800000, 0x0000000087800000, 0x0000000087900000|  0%| F|  |TAMS 0x0000000087800000, 0x0000000087800000| Untracked 
|  35|0x0000000087900000, 0x0000000087900000, 0x0000000087a00000|  0%| F|  |TAMS 0x0000000087900000, 0x0000000087900000| Untracked 
|  36|0x0000000087a00000, 0x0000000087a00000, 0x0000000087b00000|  0%| F|  |TAMS 0x0000000087a00000, 0x0000000087a00000| Untracked 
|  37|0x0000000087b00000, 0x0000000087b00000, 0x0000000087c00000|  0%| F|  |TAMS 0x0000000087b00000, 0x0000000087b00000| Untracked 
|  38|0x0000000087c00000, 0x0000000087c00000, 0x0000000087d00000|  0%| F|  |TAMS 0x0000000087c00000, 0x0000000087c00000| Untracked 
|  39|0x0000000087d00000, 0x0000000087d00000, 0x0000000087e00000|  0%| F|  |TAMS 0x0000000087d00000, 0x0000000087d00000| Untracked 
|  40|0x0000000087e00000, 0x0000000087e00000, 0x0000000087f00000|  0%| F|  |TAMS 0x0000000087e00000, 0x0000000087e00000| Untracked 
|  41|0x0000000087f00000, 0x0000000087f00000, 0x0000000088000000|  0%| F|  |TAMS 0x0000000087f00000, 0x0000000087f00000| Untracked 
|  42|0x0000000088000000, 0x0000000088000000, 0x0000000088100000|  0%| F|  |TAMS 0x0000000088000000, 0x0000000088000000| Untracked 
|  43|0x0000000088100000, 0x0000000088100000, 0x0000000088200000|  0%| F|  |TAMS 0x0000000088100000, 0x0000000088100000| Untracked 
|  44|0x0000000088200000, 0x0000000088200000, 0x0000000088300000|  0%| F|  |TAMS 0x0000000088200000, 0x0000000088200000| Untracked 
|  45|0x0000000088300000, 0x0000000088300000, 0x0000000088400000|  0%| F|  |TAMS 0x0000000088300000, 0x0000000088300000| Untracked 
|  46|0x0000000088400000, 0x0000000088400000, 0x0000000088500000|  0%| F|  |TAMS 0x0000000088400000, 0x0000000088400000| Untracked 
|  47|0x0000000088500000, 0x0000000088500000, 0x0000000088600000|  0%| F|  |TAMS 0x0000000088500000, 0x0000000088500000| Untracked 
|  48|0x0000000088600000, 0x0000000088600000, 0x0000000088700000|  0%| F|  |TAMS 0x0000000088600000, 0x0000000088600000| Untracked 
|  49|0x0000000088700000, 0x0000000088700000, 0x0000000088800000|  0%| F|  |TAMS 0x0000000088700000, 0x0000000088700000| Untracked 
|  50|0x0000000088800000, 0x0000000088800000, 0x0000000088900000|  0%| F|  |TAMS 0x0000000088800000, 0x0000000088800000| Untracked 
|  51|0x0000000088900000, 0x0000000088900000, 0x0000000088a00000|  0%| F|  |TAMS 0x0000000088900000, 0x0000000088900000| Untracked 
|  52|0x0000000088a00000, 0x0000000088a00000, 0x0000000088b00000|  0%| F|  |TAMS 0x0000000088a00000, 0x0000000088a00000| Untracked 
|  53|0x0000000088b00000, 0x0000000088b00000, 0x0000000088c00000|  0%| F|  |TAMS 0x0000000088b00000, 0x0000000088b00000| Untracked 
|  54|0x0000000088c00000, 0x0000000088c00000, 0x0000000088d00000|  0%| F|  |TAMS 0x0000000088c00000, 0x0000000088c00000| Untracked 
|  55|0x0000000088d00000, 0x0000000088d00000, 0x0000000088e00000|  0%| F|  |TAMS 0x0000000088d00000, 0x0000000088d00000| Untracked 
|  56|0x0000000088e00000, 0x0000000088e00000, 0x0000000088f00000|  0%| F|  |TAMS 0x0000000088e00000, 0x0000000088e00000| Untracked 
|  57|0x0000000088f00000, 0x0000000088f00000, 0x0000000089000000|  0%| F|  |TAMS 0x0000000088f00000, 0x0000000088f00000| Untracked 
|  58|0x0000000089000000, 0x0000000089000000, 0x0000000089100000|  0%| F|  |TAMS 0x0000000089000000, 0x0000000089000000| Untracked 
|  59|0x0000000089100000, 0x0000000089100000, 0x0000000089200000|  0%| F|  |TAMS 0x0000000089100000, 0x0000000089100000| Untracked 
|  60|0x0000000089200000, 0x0000000089200000, 0x0000000089300000|  0%| F|  |TAMS 0x0000000089200000, 0x0000000089200000| Untracked 
|  61|0x0000000089300000, 0x0000000089300000, 0x0000000089400000|  0%| F|  |TAMS 0x0000000089300000, 0x0000000089300000| Untracked 
|  62|0x0000000089400000, 0x0000000089400000, 0x0000000089500000|  0%| F|  |TAMS 0x0000000089400000, 0x0000000089400000| Untracked 
|  63|0x0000000089500000, 0x0000000089500000, 0x0000000089600000|  0%| F|  |TAMS 0x0000000089500000, 0x0000000089500000| Untracked 
|  64|0x0000000089600000, 0x0000000089600000, 0x0000000089700000|  0%| F|  |TAMS 0x0000000089600000, 0x0000000089600000| Untracked 
|  65|0x0000000089700000, 0x0000000089700000, 0x0000000089800000|  0%| F|  |TAMS 0x0000000089700000, 0x0000000089700000| Untracked 
|  66|0x0000000089800000, 0x0000000089800000, 0x0000000089900000|  0%| F|  |TAMS 0x0000000089800000, 0x0000000089800000| Untracked 
|  67|0x0000000089900000, 0x0000000089900000, 0x0000000089a00000|  0%| F|  |TAMS 0x0000000089900000, 0x0000000089900000| Untracked 
|  68|0x0000000089a00000, 0x0000000089a00000, 0x0000000089b00000|  0%| F|  |TAMS 0x0000000089a00000, 0x0000000089a00000| Untracked 
|  69|0x0000000089b00000, 0x0000000089b00000, 0x0000000089c00000|  0%| F|  |TAMS 0x0000000089b00000, 0x0000000089b00000| Untracked 
|  70|0x0000000089c00000, 0x0000000089c00000, 0x0000000089d00000|  0%| F|  |TAMS 0x0000000089c00000, 0x0000000089c00000| Untracked 
|  71|0x0000000089d00000, 0x0000000089d00000, 0x0000000089e00000|  0%| F|  |TAMS 0x0000000089d00000, 0x0000000089d00000| Untracked 
|  72|0x0000000089e00000, 0x0000000089e00000, 0x0000000089f00000|  0%| F|  |TAMS 0x0000000089e00000, 0x0000000089e00000| Untracked 
|  73|0x0000000089f00000, 0x0000000089f00000, 0x000000008a000000|  0%| F|  |TAMS 0x0000000089f00000, 0x0000000089f00000| Untracked 
|  74|0x000000008a000000, 0x000000008a000000, 0x000000008a100000|  0%| F|  |TAMS 0x000000008a000000, 0x000000008a000000| Untracked 
|  75|0x000000008a100000, 0x000000008a100000, 0x000000008a200000|  0%| F|  |TAMS 0x000000008a100000, 0x000000008a100000| Untracked 
|  76|0x000000008a200000, 0x000000008a200000, 0x000000008a300000|  0%| F|  |TAMS 0x000000008a200000, 0x000000008a200000| Untracked 
|  77|0x000000008a300000, 0x000000008a300000, 0x000000008a400000|  0%| F|  |TAMS 0x000000008a300000, 0x000000008a300000| Untracked 
|  78|0x000000008a400000, 0x000000008a400000, 0x000000008a500000|  0%| F|  |TAMS 0x000000008a400000, 0x000000008a400000| Untracked 
|  79|0x000000008a500000, 0x000000008a500000, 0x000000008a600000|  0%| F|  |TAMS 0x000000008a500000, 0x000000008a500000| Untracked 
|  80|0x000000008a600000, 0x000000008a600000, 0x000000008a700000|  0%| F|  |TAMS 0x000000008a600000, 0x000000008a600000| Untracked 
|  81|0x000000008a700000, 0x000000008a700000, 0x000000008a800000|  0%| F|  |TAMS 0x000000008a700000, 0x000000008a700000| Untracked 
|  82|0x000000008a800000, 0x000000008a800000, 0x000000008a900000|  0%| F|  |TAMS 0x000000008a800000, 0x000000008a800000| Untracked 
|  83|0x000000008a900000, 0x000000008a900000, 0x000000008aa00000|  0%| F|  |TAMS 0x000000008a900000, 0x000000008a900000| Untracked 
|  84|0x000000008aa00000, 0x000000008aa00000, 0x000000008ab00000|  0%| F|  |TAMS 0x000000008aa00000, 0x000000008aa00000| Untracked 
|  85|0x000000008ab00000, 0x000000008ab00000, 0x000000008ac00000|  0%| F|  |TAMS 0x000000008ab00000, 0x000000008ab00000| Untracked 
|  86|0x000000008ac00000, 0x000000008ac00000, 0x000000008ad00000|  0%| F|  |TAMS 0x000000008ac00000, 0x000000008ac00000| Untracked 
|  87|0x000000008ad00000, 0x000000008ad00000, 0x000000008ae00000|  0%| F|  |TAMS 0x000000008ad00000, 0x000000008ad00000| Untracked 
|  88|0x000000008ae00000, 0x000000008ae00000, 0x000000008af00000|  0%| F|  |TAMS 0x000000008ae00000, 0x000000008ae00000| Untracked 
|  89|0x000000008af00000, 0x000000008af00000, 0x000000008b000000|  0%| F|  |TAMS 0x000000008af00000, 0x000000008af00000| Untracked 
|  90|0x000000008b000000, 0x000000008b000000, 0x000000008b100000|  0%| F|  |TAMS 0x000000008b000000, 0x000000008b000000| Untracked 
|  91|0x000000008b100000, 0x000000008b100000, 0x000000008b200000|  0%| F|  |TAMS 0x000000008b100000, 0x000000008b100000| Untracked 
|  92|0x000000008b200000, 0x000000008b200000, 0x000000008b300000|  0%| F|  |TAMS 0x000000008b200000, 0x000000008b200000| Untracked 
|  93|0x000000008b300000, 0x000000008b300000, 0x000000008b400000|  0%| F|  |TAMS 0x000000008b300000, 0x000000008b300000| Untracked 
|  94|0x000000008b400000, 0x000000008b400000, 0x000000008b500000|  0%| F|  |TAMS 0x000000008b400000, 0x000000008b400000| Untracked 
|  95|0x000000008b500000, 0x000000008b500000, 0x000000008b600000|  0%| F|  |TAMS 0x000000008b500000, 0x000000008b500000| Untracked 
|  96|0x000000008b600000, 0x000000008b600000, 0x000000008b700000|  0%| F|  |TAMS 0x000000008b600000, 0x000000008b600000| Untracked 
|  97|0x000000008b700000, 0x000000008b700000, 0x000000008b800000|  0%| F|  |TAMS 0x000000008b700000, 0x000000008b700000| Untracked 
|  98|0x000000008b800000, 0x000000008b800000, 0x000000008b900000|  0%| F|  |TAMS 0x000000008b800000, 0x000000008b800000| Untracked 
|  99|0x000000008b900000, 0x000000008b900000, 0x000000008ba00000|  0%| F|  |TAMS 0x000000008b900000, 0x000000008b900000| Untracked 
| 100|0x000000008ba00000, 0x000000008ba00000, 0x000000008bb00000|  0%| F|  |TAMS 0x000000008ba00000, 0x000000008ba00000| Untracked 
| 101|0x000000008bb00000, 0x000000008bb00000, 0x000000008bc00000|  0%| F|  |TAMS 0x000000008bb00000, 0x000000008bb00000| Untracked 
| 102|0x000000008bc00000, 0x000000008bc00000, 0x000000008bd00000|  0%| F|  |TAMS 0x000000008bc00000, 0x000000008bc00000| Untracked 
| 103|0x000000008bd00000, 0x000000008bd00000, 0x000000008be00000|  0%| F|  |TAMS 0x000000008bd00000, 0x000000008bd00000| Untracked 
| 104|0x000000008be00000, 0x000000008be00000, 0x000000008bf00000|  0%| F|  |TAMS 0x000000008be00000, 0x000000008be00000| Untracked 
| 105|0x000000008bf00000, 0x000000008bf00000, 0x000000008c000000|  0%| F|  |TAMS 0x000000008bf00000, 0x000000008bf00000| Untracked 
| 106|0x000000008c000000, 0x000000008c000000, 0x000000008c100000|  0%| F|  |TAMS 0x000000008c000000, 0x000000008c000000| Untracked 
| 107|0x000000008c100000, 0x000000008c100000, 0x000000008c200000|  0%| F|  |TAMS 0x000000008c100000, 0x000000008c100000| Untracked 
| 108|0x000000008c200000, 0x000000008c200000, 0x000000008c300000|  0%| F|  |TAMS 0x000000008c200000, 0x000000008c200000| Untracked 
| 109|0x000000008c300000, 0x000000008c300000, 0x000000008c400000|  0%| F|  |TAMS 0x000000008c300000, 0x000000008c300000| Untracked 
| 110|0x000000008c400000, 0x000000008c400000, 0x000000008c500000|  0%| F|  |TAMS 0x000000008c400000, 0x000000008c400000| Untracked 
| 111|0x000000008c500000, 0x000000008c500000, 0x000000008c600000|  0%| F|  |TAMS 0x000000008c500000, 0x000000008c500000| Untracked 
| 112|0x000000008c600000, 0x000000008c600000, 0x000000008c700000|  0%| F|  |TAMS 0x000000008c600000, 0x000000008c600000| Untracked 
| 113|0x000000008c700000, 0x000000008c700000, 0x000000008c800000|  0%| F|  |TAMS 0x000000008c700000, 0x000000008c700000| Untracked 
| 114|0x000000008c800000, 0x000000008c800000, 0x000000008c900000|  0%| F|  |TAMS 0x000000008c800000, 0x000000008c800000| Untracked 
| 115|0x000000008c900000, 0x000000008c900000, 0x000000008ca00000|  0%| F|  |TAMS 0x000000008c900000, 0x000000008c900000| Untracked 
| 116|0x000000008ca00000, 0x000000008ca00000, 0x000000008cb00000|  0%| F|  |TAMS 0x000000008ca00000, 0x000000008ca00000| Untracked 
| 117|0x000000008cb00000, 0x000000008cb00000, 0x000000008cc00000|  0%| F|  |TAMS 0x000000008cb00000, 0x000000008cb00000| Untracked 
| 118|0x000000008cc00000, 0x000000008cc00000, 0x000000008cd00000|  0%| F|  |TAMS 0x000000008cc00000, 0x000000008cc00000| Untracked 
| 119|0x000000008cd00000, 0x000000008cd00000, 0x000000008ce00000|  0%| F|  |TAMS 0x000000008cd00000, 0x000000008cd00000| Untracked 
| 120|0x000000008ce00000, 0x000000008ce00000, 0x000000008cf00000|  0%| F|  |TAMS 0x000000008ce00000, 0x000000008ce00000| Untracked 
| 121|0x000000008cf00000, 0x000000008cf00000, 0x000000008d000000|  0%| F|  |TAMS 0x000000008cf00000, 0x000000008cf00000| Untracked 
| 122|0x000000008d000000, 0x000000008d048320, 0x000000008d100000| 28%| E|  |TAMS 0x000000008d000000, 0x000000008d000000| Complete 
| 123|0x000000008d100000, 0x000000008d200000, 0x000000008d200000|100%| E|CS|TAMS 0x000000008d100000, 0x000000008d100000| Complete 
|1960|0x00000000ffe00000, 0x00000000ffe47000, 0x00000000fff00000| 27%|OA|  |TAMS 0x00000000ffe00000, 0x00000000ffe00000| Untracked 
|1961|0x00000000fff00000, 0x00000000fff6b000, 0x0000000100000000| 41%|CA|  |TAMS 0x00000000fff00000, 0x00000000fff00000| Untracked 

Card table byte_map: [0x00007f1099da9000,0x00007f109a17e000] _byte_map_base: 0x00007f109997e000

Marking Bits (Prev, Next): (CMBitMap*) 0x00007f1094057e88, (CMBitMap*) 0x00007f1094057ec0
 Prev Bits: [0x00007f1076158000, 0x00007f1078000000)
 Next Bits: [0x00007f10742b0000, 0x00007f1076158000)

Polling page: 0x00007f109aca2000

Metaspace:

Usage:
  Non-class:      4.20 MB capacity,   374.16 KB (  9%) used,     3.84 MB ( 91%) free+waste,   512 bytes ( <1%) overhead. 
      Class:    424.00 KB capacity,    22.12 KB (  5%) used,   401.51 KB ( 95%) free+waste,   384 bytes ( <1%) overhead. 
       Both:      4.62 MB capacity,   396.28 KB (  8%) used,     4.23 MB ( 92%) free+waste,   896 bytes ( <1%) overhead. 

Virtual space:
  Non-class space:        8.00 MB reserved,       4.25 MB ( 53%) committed 
      Class space:        1.00 GB reserved,     512.00 KB ( <1%) committed 
             Both:        1.01 GB reserved,       4.75 MB ( <1%) committed 

Chunk freelists:
   Non-Class:  32.00 KB
       Class:  24.00 KB
        Both:  56.00 KB

MaxMetaspaceSize: unlimited
CompressedClassSpaceSize: 1.00 GB

CodeHeap 'non-profiled nmethods': size=120032Kb used=16Kb max_used=16Kb free=120015Kb
 bounds [0x00007f1084361000, 0x00007f10845d1000, 0x00007f108b899000]
CodeHeap 'profiled nmethods': size=120032Kb used=112Kb max_used=112Kb free=119919Kb
 bounds [0x00007f107ce29000, 0x00007f107d099000, 0x00007f1084361000]
CodeHeap 'non-nmethods': size=5696Kb used=1027Kb max_used=1027Kb free=4668Kb
 bounds [0x00007f107c899000, 0x00007f107cb09000, 0x00007f107ce29000]
 total_blobs=393 nmethods=79 adapters=227
 compilation: enabled
              stopped_count=0, restarted_count=0
 full_count=0

Compilation events (20 events):
Event: 0.336 Thread 0x00007f109411c000   69       3       java.lang.String::indexOf (29 bytes)
Event: 0.336 Thread 0x00007f109411c000 nmethod 69 0x00007f107ce41410 code [0x00007f107ce415e0, 0x00007f107ce41870]
Event: 0.338 Thread 0x00007f109411c000   71       3       java.lang.AbstractStringBuilder::ensureCapacityInternal (39 bytes)
Event: 0.339 Thread 0x00007f109411c000 nmethod 71 0x00007f107ce41990 code [0x00007f107ce41b80, 0x00007f107ce42010]
Event: 0.339 Thread 0x00007f109411c000   72       3       java.lang.StringBuilder::append (8 bytes)
Event: 0.339 Thread 0x00007f109411c000 nmethod 72 0x00007f107ce42190 code [0x00007f107ce42340, 0x00007f107ce424a0]
Event: 0.339 Thread 0x00007f109411c000   73       3       java.lang.AbstractStringBuilder::append (45 bytes)
Event: 0.340 Thread 0x00007f109411c000 nmethod 73 0x00007f107ce42590 code [0x00007f107ce427c0, 0x00007f107ce42cf0]
Event: 0.340 Thread 0x00007f109411c000   74       3       java.lang.Character::toLowerCase (9 bytes)
Event: 0.340 Thread 0x00007f109411c000 nmethod 74 0x00007f107ce42f10 code [0x00007f107ce430e0, 0x00007f107ce432d0]
Event: 0.346 Thread 0x00007f109411c000   75       3       java.lang.String::indexOf (7 bytes)
Event: 0.351 Thread 0x00007f109411c000 nmethod 75 0x00007f107ce43390 code [0x00007f107ce43580, 0x00007f107ce43870]
Event: 0.351 Thread 0x00007f109411c000   76       3       java.lang.String::<init> (15 bytes)
Event: 0.352 Thread 0x00007f109411c000 nmethod 76 0x00007f107ce43990 code [0x00007f107ce43b40, 0x00007f107ce43d10]
Event: 0.364 Thread 0x00007f109411a000   77       4       java.lang.Object::<init> (1 bytes)
Event: 0.365 Thread 0x00007f109411a000 nmethod 77 0x00007f1084364e90 code [0x00007f1084365020, 0x00007f10843650d8]
Event: 0.368 Thread 0x00007f109411c000   78       3       java.lang.System::getSecurityManager (4 bytes)
Event: 0.369 Thread 0x00007f109411c000 nmethod 78 0x00007f107ce43e10 code [0x00007f107ce43fc0, 0x00007f107ce440b0]
Event: 0.369 Thread 0x00007f109411c000   79       3       java.util.Arrays::copyOfRange (63 bytes)
Event: 0.370 Thread 0x00007f109411c000 nmethod 79 0x00007f107ce44110 code [0x00007f107ce443a0, 0x00007f107ce44ed0]

GC Heap History (0 events):
No events

Deoptimization events (0 events):
No events

Classes redefined (0 events):
No events

Internal exceptions (0 events):
No events

Events (20 events):
Event: 0.334 loading class simlejos/hardware/sensor/BaseSensor done
Event: 0.336 loading class simlejos/hardware/port/SensorPort
Event: 0.336 loading class simlejos/hardware/port/SensorPort done
Event: 0.337 loading class simlejos/hardware/ev3/LocalEV3
Event: 0.337 loading class simlejos/hardware/ev3/LocalEV3 done
Event: 0.338 loading class simlejos/hardware/ev3/EV3
Event: 0.338 loading class simlejos/hardware/ev3/EV3 done
Event: 0.339 loading class simlejos/hardware/Brick
Event: 0.339 loading class simlejos/hardware/Brick done
Event: 0.346 loading class com/cyberbotics/webots/controller/Robot
Event: 0.346 loading class com/cyberbotics/webots/controller/Robot done
Event: 0.363 Executing VM operation: Deoptimize
Event: 0.363 Executing VM operation: Deoptimize done
Event: 0.364 loading class com/cyberbotics/webots/controller/wrapperJNI
Event: 0.364 loading class com/cyberbotics/webots/controller/wrapperJNI done
Event: 0.368 loading class java/lang/UnsatisfiedLinkError
Event: 0.368 loading class java/lang/UnsatisfiedLinkError done
Event: 0.369 loading class java/lang/ClassLoaderHelper
Event: 0.369 loading class java/lang/ClassLoaderHelper done
Event: 0.390 Loaded shared library /home/nariman/webots/lib/controller/java/libJavaController.so


Dynamic libraries:
85600000-8d200000 rw-p 00000000 00:00 0 
8d200000-ffe00000 ---p 00000000 00:00 0 
ffe00000-ffe47000 rw-p 01111000 08:01 54788251                           /usr/lib/jvm/java-11-openjdk-amd64/lib/server/classes.jsa
ffe47000-fff00000 rw-p 00000000 00:00 0 
fff00000-fff6b000 rw-p 010a6000 08:01 54788251                           /usr/lib/jvm/java-11-openjdk-amd64/lib/server/classes.jsa
fff6b000-100000000 rw-p 00000000 00:00 0 
800000000-800002000 rwxp 00001000 08:01 54788251                         /usr/lib/jvm/java-11-openjdk-amd64/lib/server/classes.jsa
800002000-8003b9000 rw-p 00003000 08:01 54788251                         /usr/lib/jvm/java-11-openjdk-amd64/lib/server/classes.jsa
8003b9000-800a96000 r--p 003ba000 08:01 54788251                         /usr/lib/jvm/java-11-openjdk-amd64/lib/server/classes.jsa
800a96000-800a97000 rw-p 00a97000 08:01 54788251                         /usr/lib/jvm/java-11-openjdk-amd64/lib/server/classes.jsa
800a97000-8010a5000 r--p 00a98000 08:01 54788251                         /usr/lib/jvm/java-11-openjdk-amd64/lib/server/classes.jsa
840000000-840080000 rw-p 00000000 00:00 0 
840080000-880000000 ---p 00000000 00:00 0 
562b3b4bf000-562b3b4c0000 r--p 00000000 08:01 52823252                   /usr/lib/jvm/java-11-openjdk-amd64/bin/java
562b3b4c0000-562b3b4c1000 r-xp 00001000 08:01 52823252                   /usr/lib/jvm/java-11-openjdk-amd64/bin/java
562b3b4c1000-562b3b4c2000 r--p 00002000 08:01 52823252                   /usr/lib/jvm/java-11-openjdk-amd64/bin/java
562b3b4c2000-562b3b4c3000 r--p 00002000 08:01 52823252                   /usr/lib/jvm/java-11-openjdk-amd64/bin/java
562b3b4c3000-562b3b4c4000 rw-p 00003000 08:01 52823252                   /usr/lib/jvm/java-11-openjdk-amd64/bin/java
562b3c615000-562b3c636000 rw-p 00000000 00:00 0                          [heap]
7f1034000000-7f1034021000 rw-p 00000000 00:00 0 
7f1034021000-7f1038000000 ---p 00000000 00:00 0 
7f103c000000-7f103c021000 rw-p 00000000 00:00 0 
7f103c021000-7f1040000000 ---p 00000000 00:00 0 
7f1040000000-7f1040021000 rw-p 00000000 00:00 0 
7f1040021000-7f1044000000 ---p 00000000 00:00 0 
7f1044000000-7f1044046000 rw-p 00000000 00:00 0 
7f1044046000-7f1048000000 ---p 00000000 00:00 0 
7f1048000000-7f1048021000 rw-p 00000000 00:00 0 
7f1048021000-7f104c000000 ---p 00000000 00:00 0 
7f104c000000-7f104c021000 rw-p 00000000 00:00 0 
7f104c021000-7f1050000000 ---p 00000000 00:00 0 
7f1050000000-7f1050097000 rw-p 00000000 00:00 0 
7f1050097000-7f1054000000 ---p 00000000 00:00 0 
7f1054000000-7f1054021000 rw-p 00000000 00:00 0 
7f1054021000-7f1058000000 ---p 00000000 00:00 0 
7f1058000000-7f1058021000 rw-p 00000000 00:00 0 
7f1058021000-7f105c000000 ---p 00000000 00:00 0 
7f105c000000-7f105c021000 rw-p 00000000 00:00 0 
7f105c021000-7f1060000000 ---p 00000000 00:00 0 
7f1060000000-7f1060021000 rw-p 00000000 00:00 0 
7f1060021000-7f1064000000 ---p 00000000 00:00 0 
7f1064000000-7f1064021000 rw-p 00000000 00:00 0 
7f1064021000-7f1068000000 ---p 00000000 00:00 0 
7f1068000000-7f1068021000 rw-p 00000000 00:00 0 
7f1068021000-7f106c000000 ---p 00000000 00:00 0 
7f106e000000-7f1070000000 rw-p 00000000 00:00 0 
7f1070000000-7f1070021000 rw-p 00000000 00:00 0 
7f1070021000-7f1074000000 ---p 00000000 00:00 0 
7f107422b000-7f1074239000 r--p 00000000 08:01 23859232                   /home/nariman/webots/lib/controller/libController.so
7f1074239000-7f1074293000 r-xp 0000e000 08:01 23859232                   /home/nariman/webots/lib/controller/libController.so
7f1074293000-7f10742ad000 r--p 00068000 08:01 23859232                   /home/nariman/webots/lib/controller/libController.so
7f10742ad000-7f10742ae000 r--p 00081000 08:01 23859232                   /home/nariman/webots/lib/controller/libController.so
7f10742ae000-7f10742af000 rw-p 00082000 08:01 23859232                   /home/nariman/webots/lib/controller/libController.so
7f10742af000-7f10744a0000 rw-p 00000000 00:00 0 
7f10744a0000-7f1076150000 ---p 00000000 00:00 0 
7f1076150000-7f1076348000 rw-p 00000000 00:00 0 
7f1076348000-7f1077ff8000 ---p 00000000 00:00 0 
7f1077ff8000-7f1078000000 rw-p 00000000 00:00 0 
7f1078000000-7f1078021000 rw-p 00000000 00:00 0 
7f1078021000-7f107c000000 ---p 00000000 00:00 0 
7f107c06a000-7f107c08e000 r--p 00000000 08:01 23859240                   /home/nariman/webots/lib/controller/libCppController.so
7f107c08e000-7f107c0a1000 r-xp 00024000 08:01 23859240                   /home/nariman/webots/lib/controller/libCppController.so
7f107c0a1000-7f107c0ab000 r--p 00037000 08:01 23859240                   /home/nariman/webots/lib/controller/libCppController.so
7f107c0ab000-7f107c0ad000 r--p 00040000 08:01 23859240                   /home/nariman/webots/lib/controller/libCppController.so
7f107c0ad000-7f107c0af000 rw-p 00042000 08:01 23859240                   /home/nariman/webots/lib/controller/libCppController.so
7f107c0af000-7f107c0cb000 r--p 00000000 08:01 23859256                   /home/nariman/webots/lib/controller/java/libJavaController.so
7f107c0cb000-7f107c0ea000 r-xp 0001c000 08:01 23859256                   /home/nariman/webots/lib/controller/java/libJavaController.so
7f107c0ea000-7f107c0f3000 r--p 0003b000 08:01 23859256                   /home/nariman/webots/lib/controller/java/libJavaController.so
7f107c0f3000-7f107c0f4000 r--p 00043000 08:01 23859256                   /home/nariman/webots/lib/controller/java/libJavaController.so
7f107c0f4000-7f107c0f5000 rw-p 00044000 08:01 23859256                   /home/nariman/webots/lib/controller/java/libJavaController.so
7f107c0f5000-7f107c126000 rw-p 00000000 00:00 0 
7f107c126000-7f107c12a000 ---p 00000000 00:00 0 
7f107c12a000-7f107c227000 rw-p 00000000 00:00 0 
7f107c227000-7f107c228000 ---p 00000000 00:00 0 
7f107c228000-7f107c329000 rw-p 00000000 00:00 0 
7f107c329000-7f107c899000 r--p 00000000 08:01 52693097                   /usr/lib/locale/locale-archive
7f107c899000-7f107cb09000 rwxp 00000000 00:00 0 
7f107cb09000-7f107ce29000 ---p 00000000 00:00 0 
7f107ce29000-7f107d099000 rwxp 00000000 00:00 0 
7f107d099000-7f1084361000 ---p 00000000 00:00 0 
7f1084361000-7f10845d1000 rwxp 00000000 00:00 0 
7f10845d1000-7f108b899000 ---p 00000000 00:00 0 
7f108b899000-7f1094000000 r--s 00000000 08:01 54789209                   /usr/lib/jvm/java-11-openjdk-amd64/lib/modules
7f1094000000-7f10941bc000 rw-p 00000000 00:00 0 
7f10941bc000-7f1098000000 ---p 00000000 00:00 0 
7f109800a000-7f109800e000 r--p 00000000 08:01 54789191                   /usr/lib/jvm/java-11-openjdk-amd64/lib/libnet.so
7f109800e000-7f109801d000 r-xp 00004000 08:01 54789191                   /usr/lib/jvm/java-11-openjdk-amd64/lib/libnet.so
7f109801d000-7f1098021000 r--p 00013000 08:01 54789191                   /usr/lib/jvm/java-11-openjdk-amd64/lib/libnet.so
7f1098021000-7f1098022000 r--p 00016000 08:01 54789191                   /usr/lib/jvm/java-11-openjdk-amd64/lib/libnet.so
7f1098022000-7f1098023000 rw-p 00017000 08:01 54789191                   /usr/lib/jvm/java-11-openjdk-amd64/lib/libnet.so
7f1098023000-7f109802a000 r--p 00000000 08:01 54789193                   /usr/lib/jvm/java-11-openjdk-amd64/lib/libnio.so
7f109802a000-7f1098032000 r-xp 00007000 08:01 54789193                   /usr/lib/jvm/java-11-openjdk-amd64/lib/libnio.so
7f1098032000-7f1098035000 r--p 0000f000 08:01 54789193                   /usr/lib/jvm/java-11-openjdk-amd64/lib/libnio.so
7f1098035000-7f1098036000 r--p 00011000 08:01 54789193                   /usr/lib/jvm/java-11-openjdk-amd64/lib/libnio.so
7f1098036000-7f1098037000 rw-p 00012000 08:01 54789193                   /usr/lib/jvm/java-11-openjdk-amd64/lib/libnio.so
7f1098037000-7f109803b000 ---p 00000000 00:00 0 
7f109803b000-7f1098138000 rw-p 00000000 00:00 0 
7f1098138000-7f109813c000 ---p 00000000 00:00 0 
7f109813c000-7f1098239000 rw-p 00000000 00:00 0 
7f1098239000-7f109823d000 ---p 00000000 00:00 0 
7f109823d000-7f109833a000 rw-p 00000000 00:00 0 
7f109833a000-7f109833e000 ---p 00000000 00:00 0 
7f109833e000-7f109843b000 rw-p 00000000 00:00 0 
7f109843b000-7f109843f000 ---p 00000000 00:00 0 
7f109843f000-7f109853c000 rw-p 00000000 00:00 0 
7f109853c000-7f1098540000 ---p 00000000 00:00 0 
7f1098540000-7f109863d000 rw-p 00000000 00:00 0 
7f109863d000-7f1098641000 ---p 00000000 00:00 0 
7f1098641000-7f109873e000 rw-p 00000000 00:00 0 
7f109873e000-7f109873f000 ---p 00000000 00:00 0 
7f109873f000-7f1098d84000 rw-p 00000000 00:00 0 
7f1098d84000-7f1099144000 ---p 00000000 00:00 0 
7f1099144000-7f1099186000 rw-p 00000000 00:00 0 
7f1099186000-7f1099187000 ---p 00000000 00:00 0 
7f1099187000-7f1099288000 rw-p 00000000 00:00 0 
7f1099288000-7f1099289000 ---p 00000000 00:00 0 
7f1099289000-7f109978e000 rw-p 00000000 00:00 0 
7f109978e000-7f109978f000 ---p 00000000 00:00 0 
7f109978f000-7f1099890000 rw-p 00000000 00:00 0 
7f1099890000-7f1099891000 ---p 00000000 00:00 0 
7f1099891000-7f1099a12000 rw-p 00000000 00:00 0 
7f1099a12000-7f1099da8000 ---p 00000000 00:00 0 
7f1099da8000-7f1099de7000 rw-p 00000000 00:00 0 
7f1099de7000-7f109a17d000 ---p 00000000 00:00 0 
7f109a17d000-7f109a1bc000 rw-p 00000000 00:00 0 
7f109a1bc000-7f109a552000 ---p 00000000 00:00 0 
7f109a552000-7f109a957000 rw-p 00000000 00:00 0 
7f109a957000-7f109a958000 ---p 00000000 00:00 0 
7f109a958000-7f109aa5e000 rw-p 00000000 00:00 0 
7f109aa5e000-7f109ab44000 ---p 00000000 00:00 0 
7f109ab44000-7f109ab49000 rw-p 00000000 00:00 0 
7f109ab49000-7f109ac2f000 ---p 00000000 00:00 0 
7f109ac2f000-7f109ac34000 rw-p 00000000 00:00 0 
7f109ac34000-7f109ac3b000 ---p 00000000 00:00 0 
7f109ac3b000-7f109ac3e000 r--p 00000000 08:01 27001898                   /lib/x86_64-linux-gnu/libnss_files-2.31.so
7f109ac3e000-7f109ac45000 r-xp 00003000 08:01 27001898                   /lib/x86_64-linux-gnu/libnss_files-2.31.so
7f109ac45000-7f109ac47000 r--p 0000a000 08:01 27001898                   /lib/x86_64-linux-gnu/libnss_files-2.31.so
7f109ac47000-7f109ac48000 r--p 0000b000 08:01 27001898                   /lib/x86_64-linux-gnu/libnss_files-2.31.so
7f109ac48000-7f109ac49000 rw-p 0000c000 08:01 27001898                   /lib/x86_64-linux-gnu/libnss_files-2.31.so
7f109ac49000-7f109ac4f000 rw-p 00000000 00:00 0 
7f109ac4f000-7f109ac54000 r--p 00000000 08:01 27001147                   /lib/x86_64-linux-gnu/libnsl-2.31.so
7f109ac54000-7f109ac64000 r-xp 00005000 08:01 27001147                   /lib/x86_64-linux-gnu/libnsl-2.31.so
7f109ac64000-7f109ac68000 r--p 00015000 08:01 27001147                   /lib/x86_64-linux-gnu/libnsl-2.31.so
7f109ac68000-7f109ac69000 r--p 00018000 08:01 27001147                   /lib/x86_64-linux-gnu/libnsl-2.31.so
7f109ac69000-7f109ac6a000 rw-p 00019000 08:01 27001147                   /lib/x86_64-linux-gnu/libnsl-2.31.so
7f109ac6a000-7f109ac6c000 rw-p 00000000 00:00 0 
7f109ac6c000-7f109ac6f000 r--p 00000000 08:01 27005512                   /lib/x86_64-linux-gnu/libnss_nis-2.31.so
7f109ac6f000-7f109ac77000 r-xp 00003000 08:01 27005512                   /lib/x86_64-linux-gnu/libnss_nis-2.31.so
7f109ac77000-7f109ac79000 r--p 0000b000 08:01 27005512                   /lib/x86_64-linux-gnu/libnss_nis-2.31.so
7f109ac79000-7f109ac7a000 r--p 0000c000 08:01 27005512                   /lib/x86_64-linux-gnu/libnss_nis-2.31.so
7f109ac7a000-7f109ac7b000 rw-p 0000d000 08:01 27005512                   /lib/x86_64-linux-gnu/libnss_nis-2.31.so
7f109ac7b000-7f109ac7d000 r--p 00000000 08:01 27001162                   /lib/x86_64-linux-gnu/libnss_compat-2.31.so
7f109ac7d000-7f109ac84000 r-xp 00002000 08:01 27001162                   /lib/x86_64-linux-gnu/libnss_compat-2.31.so
7f109ac84000-7f109ac85000 r--p 00009000 08:01 27001162                   /lib/x86_64-linux-gnu/libnss_compat-2.31.so
7f109ac85000-7f109ac86000 r--p 00009000 08:01 27001162                   /lib/x86_64-linux-gnu/libnss_compat-2.31.so
7f109ac86000-7f109ac87000 rw-p 0000a000 08:01 27001162                   /lib/x86_64-linux-gnu/libnss_compat-2.31.so
7f109ac8e000-7f109ac90000 r--s 0000c000 08:01 53086270                   /usr/share/java/java-atk-wrapper.jar
7f109ac90000-7f109ac92000 r--p 00000000 08:01 54789208                   /usr/lib/jvm/java-11-openjdk-amd64/lib/libzip.so
7f109ac92000-7f109ac96000 r-xp 00002000 08:01 54789208                   /usr/lib/jvm/java-11-openjdk-amd64/lib/libzip.so
7f109ac96000-7f109ac98000 r--p 00006000 08:01 54789208                   /usr/lib/jvm/java-11-openjdk-amd64/lib/libzip.so
7f109ac98000-7f109ac99000 r--p 00007000 08:01 54789208                   /usr/lib/jvm/java-11-openjdk-amd64/lib/libzip.so
7f109ac99000-7f109ac9a000 rw-p 00008000 08:01 54789208                   /usr/lib/jvm/java-11-openjdk-amd64/lib/libzip.so
7f109ac9a000-7f109aca2000 rw-s 00000000 08:01 21236921                   /tmp/hsperfdata_nariman/88308
7f109aca2000-7f109aca3000 ---p 00000000 00:00 0 
7f109aca3000-7f109aca4000 r--p 00000000 00:00 0 
7f109aca4000-7f109acb2000 r--p 00000000 08:01 54788968                   /usr/lib/jvm/java-11-openjdk-amd64/lib/libjava.so
7f109acb2000-7f109acc8000 r-xp 0000e000 08:01 54788968                   /usr/lib/jvm/java-11-openjdk-amd64/lib/libjava.so
7f109acc8000-7f109accf000 r--p 00024000 08:01 54788968                   /usr/lib/jvm/java-11-openjdk-amd64/lib/libjava.so
7f109accf000-7f109acd0000 r--p 0002a000 08:01 54788968                   /usr/lib/jvm/java-11-openjdk-amd64/lib/libjava.so
7f109acd0000-7f109acd1000 rw-p 0002b000 08:01 54788968                   /usr/lib/jvm/java-11-openjdk-amd64/lib/libjava.so
7f109acd1000-7f109acd2000 rw-p 00000000 00:00 0 
7f109acd2000-7f109acd5000 r--p 00000000 08:01 27005639                   /lib/x86_64-linux-gnu/librt-2.31.so
7f109acd5000-7f109acd9000 r-xp 00003000 08:01 27005639                   /lib/x86_64-linux-gnu/librt-2.31.so
7f109acd9000-7f109acda000 r--p 00007000 08:01 27005639                   /lib/x86_64-linux-gnu/librt-2.31.so
7f109acda000-7f109acdb000 ---p 00008000 08:01 27005639                   /lib/x86_64-linux-gnu/librt-2.31.so
7f109acdb000-7f109acdc000 r--p 00008000 08:01 27005639                   /lib/x86_64-linux-gnu/librt-2.31.so
7f109acdc000-7f109acdd000 rw-p 00009000 08:01 27005639                   /lib/x86_64-linux-gnu/librt-2.31.so
7f109acdd000-7f109ace1000 ---p 00000000 00:00 0 
7f109ace1000-7f109adde000 rw-p 00000000 00:00 0 
7f109adde000-7f109ade1000 r--p 00000000 08:01 27000848                   /lib/x86_64-linux-gnu/libgcc_s.so.1
7f109ade1000-7f109adf3000 r-xp 00003000 08:01 27000848                   /lib/x86_64-linux-gnu/libgcc_s.so.1
7f109adf3000-7f109adf7000 r--p 00015000 08:01 27000848                   /lib/x86_64-linux-gnu/libgcc_s.so.1
7f109adf7000-7f109adf8000 r--p 00018000 08:01 27000848                   /lib/x86_64-linux-gnu/libgcc_s.so.1
7f109adf8000-7f109adf9000 rw-p 00019000 08:01 27000848                   /lib/x86_64-linux-gnu/libgcc_s.so.1
7f109adf9000-7f109ae08000 r--p 00000000 08:01 27001133                   /lib/x86_64-linux-gnu/libm-2.31.so
7f109ae08000-7f109aeaf000 r-xp 0000f000 08:01 27001133                   /lib/x86_64-linux-gnu/libm-2.31.so
7f109aeaf000-7f109af46000 r--p 000b6000 08:01 27001133                   /lib/x86_64-linux-gnu/libm-2.31.so
7f109af46000-7f109af47000 r--p 0014c000 08:01 27001133                   /lib/x86_64-linux-gnu/libm-2.31.so
7f109af47000-7f109af48000 rw-p 0014d000 08:01 27001133                   /lib/x86_64-linux-gnu/libm-2.31.so
7f109af48000-7f109afde000 r--p 00000000 08:01 52690964                   /usr/lib/x86_64-linux-gnu/libstdc++.so.6.0.28
7f109afde000-7f109b0ce000 r-xp 00096000 08:01 52690964                   /usr/lib/x86_64-linux-gnu/libstdc++.so.6.0.28
7f109b0ce000-7f109b117000 r--p 00186000 08:01 52690964                   /usr/lib/x86_64-linux-gnu/libstdc++.so.6.0.28
7f109b117000-7f109b118000 ---p 001cf000 08:01 52690964                   /usr/lib/x86_64-linux-gnu/libstdc++.so.6.0.28
7f109b118000-7f109b123000 r--p 001cf000 08:01 52690964                   /usr/lib/x86_64-linux-gnu/libstdc++.so.6.0.28
7f109b123000-7f109b126000 rw-p 001da000 08:01 52690964                   /usr/lib/x86_64-linux-gnu/libstdc++.so.6.0.28
7f109b126000-7f109b129000 rw-p 00000000 00:00 0 
7f109b129000-7f109b3a2000 r--p 00000000 08:01 54789212                   /usr/lib/jvm/java-11-openjdk-amd64/lib/server/libjvm.so
7f109b3a2000-7f109c01f000 r-xp 00279000 08:01 54789212                   /usr/lib/jvm/java-11-openjdk-amd64/lib/server/libjvm.so
7f109c01f000-7f109c275000 r--p 00ef6000 08:01 54789212                   /usr/lib/jvm/java-11-openjdk-amd64/lib/server/libjvm.so
7f109c275000-7f109c336000 r--p 0114b000 08:01 54789212                   /usr/lib/jvm/java-11-openjdk-amd64/lib/server/libjvm.so
7f109c336000-7f109c371000 rw-p 0120c000 08:01 54789212                   /usr/lib/jvm/java-11-openjdk-amd64/lib/server/libjvm.so
7f109c371000-7f109c3ca000 rw-p 00000000 00:00 0 
7f109c3ca000-7f109c3d1000 r--p 00000000 08:01 27005626                   /lib/x86_64-linux-gnu/libpthread-2.31.so
7f109c3d1000-7f109c3e2000 r-xp 00007000 08:01 27005626                   /lib/x86_64-linux-gnu/libpthread-2.31.so
7f109c3e2000-7f109c3e7000 r--p 00018000 08:01 27005626                   /lib/x86_64-linux-gnu/libpthread-2.31.so
7f109c3e7000-7f109c3e8000 r--p 0001c000 08:01 27005626                   /lib/x86_64-linux-gnu/libpthread-2.31.so
7f109c3e8000-7f109c3e9000 rw-p 0001d000 08:01 27005626                   /lib/x86_64-linux-gnu/libpthread-2.31.so
7f109c3e9000-7f109c3ed000 rw-p 00000000 00:00 0 
7f109c3ed000-7f109c3ee000 r--p 00000000 08:01 27001129                   /lib/x86_64-linux-gnu/libdl-2.31.so
7f109c3ee000-7f109c3f0000 r-xp 00001000 08:01 27001129                   /lib/x86_64-linux-gnu/libdl-2.31.so
7f109c3f0000-7f109c3f1000 r--p 00003000 08:01 27001129                   /lib/x86_64-linux-gnu/libdl-2.31.so
7f109c3f1000-7f109c3f2000 r--p 00003000 08:01 27001129                   /lib/x86_64-linux-gnu/libdl-2.31.so
7f109c3f2000-7f109c3f3000 rw-p 00004000 08:01 27001129                   /lib/x86_64-linux-gnu/libdl-2.31.so
7f109c3f3000-7f109c3f5000 r--p 00000000 08:01 27001207                   /lib/x86_64-linux-gnu/libz.so.1.2.11
7f109c3f5000-7f109c406000 r-xp 00002000 08:01 27001207                   /lib/x86_64-linux-gnu/libz.so.1.2.11
7f109c406000-7f109c40c000 r--p 00013000 08:01 27001207                   /lib/x86_64-linux-gnu/libz.so.1.2.11
7f109c40c000-7f109c40d000 ---p 00019000 08:01 27001207                   /lib/x86_64-linux-gnu/libz.so.1.2.11
7f109c40d000-7f109c40e000 r--p 00019000 08:01 27001207                   /lib/x86_64-linux-gnu/libz.so.1.2.11
7f109c40e000-7f109c40f000 rw-p 0001a000 08:01 27001207                   /lib/x86_64-linux-gnu/libz.so.1.2.11
7f109c40f000-7f109c434000 r--p 00000000 08:01 27001126                   /lib/x86_64-linux-gnu/libc-2.31.so
7f109c434000-7f109c5ac000 r-xp 00025000 08:01 27001126                   /lib/x86_64-linux-gnu/libc-2.31.so
7f109c5ac000-7f109c5f6000 r--p 0019d000 08:01 27001126                   /lib/x86_64-linux-gnu/libc-2.31.so
7f109c5f6000-7f109c5f7000 ---p 001e7000 08:01 27001126                   /lib/x86_64-linux-gnu/libc-2.31.so
7f109c5f7000-7f109c5fa000 r--p 001e7000 08:01 27001126                   /lib/x86_64-linux-gnu/libc-2.31.so
7f109c5fa000-7f109c5fd000 rw-p 001ea000 08:01 27001126                   /lib/x86_64-linux-gnu/libc-2.31.so
7f109c5fd000-7f109c601000 rw-p 00000000 00:00 0 
7f109c601000-7f109c603000 r--p 00000000 08:01 54788974                   /usr/lib/jvm/java-11-openjdk-amd64/lib/libjimage.so
7f109c603000-7f109c606000 r-xp 00002000 08:01 54788974                   /usr/lib/jvm/java-11-openjdk-amd64/lib/libjimage.so
7f109c606000-7f109c607000 r--p 00005000 08:01 54788974                   /usr/lib/jvm/java-11-openjdk-amd64/lib/libjimage.so
7f109c607000-7f109c608000 ---p 00006000 08:01 54788974                   /usr/lib/jvm/java-11-openjdk-amd64/lib/libjimage.so
7f109c608000-7f109c609000 r--p 00006000 08:01 54788974                   /usr/lib/jvm/java-11-openjdk-amd64/lib/libjimage.so
7f109c609000-7f109c60a000 rw-p 00007000 08:01 54788974                   /usr/lib/jvm/java-11-openjdk-amd64/lib/libjimage.so
7f109c60a000-7f109c60f000 r--p 00000000 08:01 54789207                   /usr/lib/jvm/java-11-openjdk-amd64/lib/libverify.so
7f109c60f000-7f109c616000 r-xp 00005000 08:01 54789207                   /usr/lib/jvm/java-11-openjdk-amd64/lib/libverify.so
7f109c616000-7f109c618000 r--p 0000c000 08:01 54789207                   /usr/lib/jvm/java-11-openjdk-amd64/lib/libverify.so
7f109c618000-7f109c619000 ---p 0000e000 08:01 54789207                   /usr/lib/jvm/java-11-openjdk-amd64/lib/libverify.so
7f109c619000-7f109c61b000 r--p 0000e000 08:01 54789207                   /usr/lib/jvm/java-11-openjdk-amd64/lib/libverify.so
7f109c61b000-7f109c61c000 rw-p 00010000 08:01 54789207                   /usr/lib/jvm/java-11-openjdk-amd64/lib/libverify.so
7f109c61c000-7f109c61f000 r--p 00000000 08:01 54788929                   /usr/lib/jvm/java-11-openjdk-amd64/lib/jli/libjli.so
7f109c61f000-7f109c629000 r-xp 00003000 08:01 54788929                   /usr/lib/jvm/java-11-openjdk-amd64/lib/jli/libjli.so
7f109c629000-7f109c62c000 r--p 0000d000 08:01 54788929                   /usr/lib/jvm/java-11-openjdk-amd64/lib/jli/libjli.so
7f109c62c000-7f109c62d000 ---p 00010000 08:01 54788929                   /usr/lib/jvm/java-11-openjdk-amd64/lib/jli/libjli.so
7f109c62d000-7f109c62e000 r--p 00010000 08:01 54788929                   /usr/lib/jvm/java-11-openjdk-amd64/lib/jli/libjli.so
7f109c62e000-7f109c62f000 rw-p 00011000 08:01 54788929                   /usr/lib/jvm/java-11-openjdk-amd64/lib/jli/libjli.so
7f109c62f000-7f109c631000 rw-p 00000000 00:00 0 
7f109c631000-7f109c632000 r--p 00000000 08:01 27001019                   /lib/x86_64-linux-gnu/ld-2.31.so
7f109c632000-7f109c655000 r-xp 00001000 08:01 27001019                   /lib/x86_64-linux-gnu/ld-2.31.so
7f109c655000-7f109c65d000 r--p 00024000 08:01 27001019                   /lib/x86_64-linux-gnu/ld-2.31.so
7f109c65e000-7f109c65f000 r--p 0002c000 08:01 27001019                   /lib/x86_64-linux-gnu/ld-2.31.so
7f109c65f000-7f109c660000 rw-p 0002d000 08:01 27001019                   /lib/x86_64-linux-gnu/ld-2.31.so
7f109c660000-7f109c661000 rw-p 00000000 00:00 0 
7ffe5cb82000-7ffe5cba3000 rw-p 00000000 00:00 0                          [stack]
7ffe5cbe6000-7ffe5cbe9000 r--p 00000000 00:00 0                          [vvar]
7ffe5cbe9000-7ffe5cbea000 r-xp 00000000 00:00 0                          [vdso]
ffffffffff600000-ffffffffff601000 --xp 00000000 00:00 0                  [vsyscall]


VM Arguments:
jvm_args: -Djava.library.path=/home/nariman/webots/lib/controller/java 
java_command: Lab1
java_class_path (initial): /home/nariman/webots/lib/controller/java/Controller.jar:/home/nariman/git/lab1-ecse211_g12/controllers/Lab1/:../lib/simlejos.jar
Launcher Type: SUN_STANDARD

[Global flags]
     intx CICompilerCount                          = 3                                         {product} {ergonomic}
     uint ConcGCThreads                            = 1                                         {product} {ergonomic}
     uint G1ConcRefinementThreads                  = 4                                         {product} {ergonomic}
   size_t G1HeapRegionSize                         = 1048576                                   {product} {ergonomic}
    uintx GCDrainStackTargetSize                   = 64                                        {product} {ergonomic}
   size_t InitialHeapSize                          = 130023424                                 {product} {ergonomic}
   size_t MarkStackSize                            = 4194304                                   {product} {ergonomic}
   size_t MaxHeapSize                              = 2057306112                                {product} {ergonomic}
   size_t MaxNewSize                               = 1234173952                                {product} {ergonomic}
   size_t MinHeapDeltaBytes                        = 1048576                                   {product} {ergonomic}
    uintx NonNMethodCodeHeapSize                   = 5830732                                {pd product} {ergonomic}
    uintx NonProfiledCodeHeapSize                  = 122913754                              {pd product} {ergonomic}
    uintx ProfiledCodeHeapSize                     = 122913754                              {pd product} {ergonomic}
    uintx ReservedCodeCacheSize                    = 251658240                              {pd product} {ergonomic}
     bool SegmentedCodeCache                       = true                                      {product} {ergonomic}
     bool UseCompressedClassPointers               = true                                 {lp64_product} {ergonomic}
     bool UseCompressedOops                        = true                                 {lp64_product} {ergonomic}
     bool UseG1GC                                  = true                                      {product} {ergonomic}

Logging:
Log output configuration:
 #0: stdout all=warning uptime,level,tags
 #1: stderr all=off uptime,level,tags

Environment Variables:
CLASSPATH=../lib/simlejos.jar
PATH=/home/nariman/.local/bin:/opt/GitHub Desktop:/usr/local/sbin:/usr/local/bin:/usr/sbin:/usr/bin:/sbin:/bin:/usr/games:/usr/local/games:/snap/bin
USERNAME=nariman
LD_LIBRARY_PATH=/home/nariman/git/lab1-ecse211_g12/controllers/Lab1:/tmp/webots-86958-JaVpBR//lib;/home/nariman/webots/lib/controller
SHELL=/bin/bash
DISPLAY=:0
LANG=en_CA.UTF-8

Signal Handlers:
SIGSEGV: [libjvm.so+0xe824c0], sa_mask[0]=11111111011111111101111111111110, sa_flags=SA_RESTART|SA_SIGINFO
SIGBUS: [libjvm.so+0xe824c0], sa_mask[0]=11111111011111111101111111111110, sa_flags=SA_RESTART|SA_SIGINFO
SIGFPE: [libjvm.so+0xe824c0], sa_mask[0]=11111111011111111101111111111110, sa_flags=SA_RESTART|SA_SIGINFO
SIGPIPE: [libjvm.so+0xbc8ee0], sa_mask[0]=11111111011111111101111111111110, sa_flags=SA_RESTART|SA_SIGINFO
SIGXFSZ: [libjvm.so+0xbc8ee0], sa_mask[0]=11111111011111111101111111111110, sa_flags=SA_RESTART|SA_SIGINFO
SIGILL: [libjvm.so+0xe824c0], sa_mask[0]=11111111011111111101111111111110, sa_flags=SA_RESTART|SA_SIGINFO
SIGUSR2: [libjvm.so+0xbc8d80], sa_mask[0]=00000000000000000000000000000000, sa_flags=SA_RESTART|SA_SIGINFO
SIGHUP: [libjvm.so+0xbc9220], sa_mask[0]=11111111011111111101111111111110, sa_flags=SA_RESTART|SA_SIGINFO
SIGINT: [libjvm.so+0xbc9220], sa_mask[0]=11111111011111111101111111111110, sa_flags=SA_RESTART|SA_SIGINFO
SIGTERM: [libjvm.so+0xbc9220], sa_mask[0]=11111111011111111101111111111110, sa_flags=SA_RESTART|SA_SIGINFO
SIGQUIT: [libjvm.so+0xbc9220], sa_mask[0]=11111111011111111101111111111110, sa_flags=SA_RESTART|SA_SIGINFO


---------------  S Y S T E M  ---------------

OS:DISTRIB_ID=Ubuntu
DISTRIB_RELEASE=20.04
DISTRIB_CODENAME=focal
DISTRIB_DESCRIPTION="Ubuntu 20.04.1 LTS"
uname:Linux 5.4.0-64-generic #72-Ubuntu SMP Fri Jan 15 10:27:54 UTC 2021 x86_64
OS uptime: 1 days 0:35 hours
libc:glibc 2.31 NPTL 2.31 
rlimit (soft/hard): STACK 8192k/infinity , CORE 0k/infinity , NPROC 31167/31167 , NOFILE 1048576/1048576 , AS infinity/infinity , CPU infinity/infinity , DATA infinity/infinity , FSIZE infinity/infinity , MEMLOCK 65536k/65536k
load average:4.04 4.97 4.93

/proc/meminfo:
MemTotal:        8035808 kB
MemFree:          143984 kB
MemAvailable:     806984 kB
Buffers:           62080 kB
Cached:          2019544 kB
SwapCached:        16468 kB
Active:          6004188 kB
Inactive:        1208724 kB
Active(anon):    5532868 kB
Inactive(anon):   865500 kB
Active(file):     471320 kB
Inactive(file):   343224 kB
Unevictable:      105956 kB
Mlocked:             728 kB
SwapTotal:       2097148 kB
SwapFree:        1464252 kB
Dirty:               848 kB
Writeback:           160 kB
AnonPages:       5226232 kB
Mapped:           902240 kB
Shmem:           1270928 kB
KReclaimable:     143652 kB
Slab:             366160 kB
SReclaimable:     143652 kB
SUnreclaim:       222508 kB
KernelStack:       24400 kB
PageTables:        72284 kB
NFS_Unstable:          0 kB
Bounce:                0 kB
WritebackTmp:          0 kB
CommitLimit:     6115052 kB
Committed_AS:   18212964 kB
VmallocTotal:   34359738367 kB
VmallocUsed:       50616 kB
VmallocChunk:          0 kB
Percpu:             8768 kB
HardwareCorrupted:     0 kB
AnonHugePages:     24576 kB
ShmemHugePages:        0 kB
ShmemPmdMapped:        0 kB
FileHugePages:         0 kB
FilePmdMapped:         0 kB
CmaTotal:              0 kB
CmaFree:               0 kB
HugePages_Total:       0
HugePages_Free:        0
HugePages_Rsvd:        0
HugePages_Surp:        0
Hugepagesize:       2048 kB
Hugetlb:               0 kB
DirectMap4k:      512512 kB
DirectMap2M:     7761920 kB
DirectMap1G:           0 kB

/sys/kernel/mm/transparent_hugepage/enabled:
always [madvise] never
/sys/kernel/mm/transparent_hugepage/defrag (defrag/compaction efforts parameter):
always defer defer+madvise [madvise] never

/proc/sys/kernel/threads-max (system-wide limit on the number of threads):
62335
/proc/sys/vm/max_map_count (maximum number of memory map areas a process may have):
65530
/proc/sys/kernel/pid_max (system-wide limit on number of process identifiers):
4194304

container (cgroup) information:
container_type: cgroupv1
cpu_cpuset_cpus: 0-3
cpu_memory_nodes: 0
active_processor_count: 4
cpu_quota: -1
cpu_period: 100000
cpu_shares: -1
memory_limit_in_bytes: -1
memory_and_swap_limit_in_bytes: -2
memory_soft_limit_in_bytes: -1
memory_usage_in_bytes: 7263576064
memory_max_usage_in_bytes: 7299334144

Steal ticks since vm start: 0
Steal ticks percentage since vm start:  0.000

CPU:total 4 (initial active 4) (2 cores per cpu, 2 threads per core) family 6 model 69 stepping 1, cmov, cx8, fxsr, mmx, sse, sse2, sse3, ssse3, sse4.1, sse4.2, popcnt, avx, avx2, aes, clmul, erms, lzcnt, ht, tsc, tscinvbit, bmi1, bmi2, fma
CPU Model and flags from /proc/cpuinfo:
model name	: Intel(R) Core(TM) i7-4510U CPU @ 2.00GHz
flags		: fpu vme de pse tsc msr pae mce cx8 apic sep mtrr pge mca cmov pat pse36 clflush dts acpi mmx fxsr sse sse2 ss ht tm pbe syscall nx pdpe1gb rdtscp lm constant_tsc arch_perfmon pebs bts rep_good nopl xtopology nonstop_tsc cpuid aperfmperf pni pclmulqdq dtes64 monitor ds_cpl vmx est tm2 ssse3 sdbg fma cx16 xtpr pdcm pcid sse4_1 sse4_2 movbe popcnt tsc_deadline_timer aes xsave avx f16c rdrand lahf_lm abm cpuid_fault epb invpcid_single pti ssbd ibrs ibpb stibp tpr_shadow vnmi flexpriority ept vpid ept_ad fsgsbase tsc_adjust bmi1 avx2 smep bmi2 erms invpcid xsaveopt dtherm ida arat pln pts md_clear flush_l1d
Online cpus:
0-3
Offline cpus:
4-7
BIOS frequency limitation:
<Not Available>
Frequency switch latency (ns):
0
Available cpu frequencies:
<Not Available>
Current governor:
powersave
Core performance/turbo boost:
<Not Available>

Memory: 4k page, physical 8035808k(143984k free), swap 2097148k(1464252k free)

vm_info: OpenJDK 64-Bit Server VM (11.0.9.1+1-Ubuntu-0ubuntu1.20.04) for linux-amd64 JRE (11.0.9.1+1-Ubuntu-0ubuntu1.20.04), built on Nov 10 2020 04:18:42 by "unknown" with gcc 9.3.0

END.
